<?xml version="1.0" encoding="UTF-8"?>
<!-- Generated by org.testng.reporters.JUnitXMLReporter -->
<testsuite ignored="6" hostname="Ahmed-Taha" failures="0" tests="4" name="Surefire test" time="8.166" errors="0" timestamp="2025-09-05T18:36:46 EEST">
  <testcase classname="tests.TC01LRegistrationTest" name="UserCanRegisterSuccessfully" time="2.453"/>
  <testcase classname="tests.TC02LoginTest" name="login" time="0.667"/>
  <testcase classname="tests.TC02LoginTest" name="goAccount" time="1.499"/>
  <testcase classname="tests.TC03MyAccountTest" name="goMyAccount" time="3.532"/>
  <testcase classname="tests.TestBase" name="@AfterSuite teerDown" time="0.0">
    <ignored/>
  </testcase> <!-- @AfterSuite teerDown -->
  <testcase classname="tests.TestBase" name="@AfterSuite teerDown" time="0.0">
    <ignored/>
  </testcase> <!-- @AfterSuite teerDown -->
  <testcase classname="tests.TestBase" name="@BeforeSuite Start" time="0.0">
    <ignored/>
  </testcase> <!-- @BeforeSuite Start -->
  <testcase classname="tests.TestBase" name="@BeforeSuite Start" time="0.0">
    <ignored/>
  </testcase> <!-- @BeforeSuite Start -->
  <testcase classname="tests.TestBase" name="@BeforeSuite Start" time="0.0">
    <ignored/>
  </testcase> <!-- @BeforeSuite Start -->
  <testcase classname="tests.TestBase" name="@AfterSuite teerDown" time="0.0">
    <ignored/>
  </testcase> <!-- @AfterSuite teerDown -->
</testsuite> <!-- Surefire test -->
