<?xml version="1.0" encoding="UTF-8"?>
<!-- Generated by org.testng.reporters.JUnitXMLReporter -->
<testsuite ignored="2" hostname="Ahmed-Taha" failures="0" tests="1" name="Surefire test" time="3.345" errors="0" timestamp="2025-09-05T15:38:57 EEST">
  <testcase classname="tests.LRegistrationTest" name="UserCanRegisterSuccessfully" time="3.323"/>
  <testcase classname="tests.TestBase" name="@BeforeSuite Start" time="0.0">
    <ignored/>
  </testcase> <!-- @BeforeSuite Start -->
  <testcase classname="tests.TestBase" name="@AfterSuite teerDown" time="0.0">
    <ignored/>
  </testcase> <!-- @AfterSuite teerDown -->
</testsuite> <!-- Surefire test -->
