<?xml version="1.0" encoding="UTF-8"?>
<testsuite xmlns:xsi="http://www.w3.org/2001/XMLSchema-instance" xsi:noNamespaceSchemaLocation="https://maven.apache.org/surefire/maven-surefire-plugin/xsd/surefire-test-report-3.0.xsd" version="3.0" name="TestSuite" time="24.658" tests="11" errors="0" skipped="0" failures="0">
  <properties>
[...]
</properties>
  <testcase name="registrationSuccessfully" classname="tests.LRegistrationTest" time="1.481">
    <system-err><![CDATA[SLF4J: Failed to load class "org.slf4j.impl.StaticLoggerBinder".
SLF4J: Defaulting to no-operation (NOP) logger implementation
SLF4J: See http://www.slf4j.org/codes.html#StaticLoggerBinder for further details.
]]></system-err>
  </testcase>
  <testcase name="logout" classname="tests.LRegistrationTest" time="0.658"/>
  <testcase name="login" classname="tests.LoginTest" time="0.435"/>
  <testcase name="validLogin" classname="tests.LoginTest" time="0.757"/>
  <testcase name="goAccount" classname="tests.LoginTest" time="0.893"/>
  <testcase name="goMyAccount" classname="tests.MyAccountTest" time="0.323"/>
  <testcase name="changePassword" classname="tests.MyAccountTest" time="0.442"/>
  <testcase name="closeAlert" classname="tests.MyAccountTest" time="0.033"/>
  <testcase name="logout" classname="tests.MyAccountTest" time="13.451"/>
  <testcase name="login" classname="tests.MyAccountTest" time="0.558"/>
  <testcase name="validLogin" classname="tests.MyAccountTest" time="0.966"/>
</testsuite>