<?xml version="1.0" encoding="UTF-8"?>
<testng-results ignored="0" total="2" passed="2" failed="0" skipped="0">
  <reporter-output>
  </reporter-output>
  <suite started-at="2025-09-05T15:57:58 EEST" name="Surefire suite" finished-at="2025-09-05T15:58:02 EEST" duration-ms="4514">
    <groups>
    </groups>
    <test started-at="2025-09-05T15:57:58 EEST" name="Surefire test" finished-at="2025-09-05T15:58:02 EEST" duration-ms="4514">
      <class name="tests.LoginTest">
        <test-method is-config="true" signature="Start()[pri:0, instance:tests.LoginTest@4313f5bc]" started-at="2025-09-05T15:57:55 EEST" name="Start" finished-at="2025-09-05T15:57:58 EEST" duration-ms="2592" status="PASS">
          <reporter-output>
          </reporter-output>
        </test-method> <!-- Start -->
        <test-method signature="login()[pri:0, instance:tests.LoginTest@4313f5bc]" started-at="2025-09-05T15:57:58 EEST" name="login" finished-at="2025-09-05T15:57:59 EEST" duration-ms="1361" status="PASS">
          <reporter-output>
          </reporter-output>
        </test-method> <!-- login -->
        <test-method is-config="true" signature="teerDown()[pri:0, instance:tests.LoginTest@4313f5bc]" started-at="2025-09-05T15:58:02 EEST" name="teerDown" finished-at="2025-09-05T15:58:02 EEST" duration-ms="163" status="PASS">
          <reporter-output>
          </reporter-output>
        </test-method> <!-- teerDown -->
      </class> <!-- tests.LoginTest -->
      <class name="tests.LRegistrationTest">
        <test-method signature="UserCanRegisterSuccessfully()[pri:0, instance:tests.LRegistrationTest@1f0f1111]" started-at="2025-09-05T15:57:59 EEST" name="UserCanRegisterSuccessfully" finished-at="2025-09-05T15:58:02 EEST" duration-ms="3129" status="PASS">
          <reporter-output>
          </reporter-output>
        </test-method> <!-- UserCanRegisterSuccessfully -->
      </class> <!-- tests.LRegistrationTest -->
    </test> <!-- Surefire test -->
  </suite> <!-- Surefire suite -->
</testng-results>
