<?xml version="1.0" encoding="UTF-8"?>
<testng-results ignored="0" total="11" passed="11" failed="0" skipped="0">
  <reporter-output>
  </reporter-output>
  <suite started-at="2025-09-04T14:23:04 EEST" name="Nop Commerce" finished-at="2025-09-04T14:23:14 EEST" duration-ms="10426">
    <groups>
    </groups>
    <test started-at="2025-09-04T14:23:04 EEST" name="C:/Users/NV_User/Documents/NopCommerced" finished-at="2025-09-04T14:23:14 EEST" duration-ms="10426">
      <class name="tests.LoginTest">
        <test-method signature="login()[pri:0, instance:tests.LoginTest@1ea9f6af]" started-at="2025-09-04T14:23:07 EEST" name="login" finished-at="2025-09-04T14:23:07 EEST" duration-ms="535" status="PASS">
          <reporter-output>
          </reporter-output>
        </test-method> <!-- login -->
        <test-method signature="validLogin()[pri:0, instance:tests.LoginTest@1ea9f6af]" started-at="2025-09-04T14:23:07 EEST" name="validLogin" finished-at="2025-09-04T14:23:07 EEST" duration-ms="133" status="PASS">
          <reporter-output>
          </reporter-output>
        </test-method> <!-- validLogin -->
        <test-method signature="goAccount()[pri:0, instance:tests.LoginTest@1ea9f6af]" started-at="2025-09-04T14:23:07 EEST" name="goAccount" finished-at="2025-09-04T14:23:08 EEST" depends-on-methods="tests.LoginTest.validLogin" duration-ms="1009" status="PASS">
          <reporter-output>
          </reporter-output>
        </test-method> <!-- goAccount -->
      </class> <!-- tests.LoginTest -->
      <class name="tests.MyAccountTest">
        <test-method signature="goMyAccount()[pri:1, instance:tests.MyAccountTest@6a192cfe]" started-at="2025-09-04T14:23:08 EEST" name="goMyAccount" finished-at="2025-09-04T14:23:09 EEST" duration-ms="374" status="PASS">
          <reporter-output>
          </reporter-output>
        </test-method> <!-- goMyAccount -->
        <test-method signature="changePassword()[pri:2, instance:tests.MyAccountTest@6a192cfe]" started-at="2025-09-04T14:23:09 EEST" name="changePassword" finished-at="2025-09-04T14:23:09 EEST" duration-ms="527" status="PASS">
          <reporter-output>
          </reporter-output>
        </test-method> <!-- changePassword -->
        <test-method signature="closeAlert()[pri:3, instance:tests.MyAccountTest@6a192cfe]" started-at="2025-09-04T14:23:09 EEST" name="closeAlert" finished-at="2025-09-04T14:23:09 EEST" duration-ms="29" status="PASS">
          <reporter-output>
          </reporter-output>
        </test-method> <!-- closeAlert -->
        <test-method signature="logout()[pri:4, instance:tests.MyAccountTest@6a192cfe]" started-at="2025-09-04T14:23:09 EEST" name="logout" finished-at="2025-09-04T14:23:14 EEST" duration-ms="4483" status="PASS">
          <reporter-output>
          </reporter-output>
        </test-method> <!-- logout -->
        <test-method signature="login()[pri:5, instance:tests.MyAccountTest@6a192cfe]" started-at="2025-09-04T14:23:14 EEST" name="login" finished-at="2025-09-04T14:23:14 EEST" duration-ms="326" status="PASS">
          <reporter-output>
          </reporter-output>
        </test-method> <!-- login -->
        <test-method signature="validLogin()[pri:6, instance:tests.MyAccountTest@6a192cfe]" started-at="2025-09-04T14:23:14 EEST" name="validLogin" finished-at="2025-09-04T14:23:14 EEST" duration-ms="168" status="PASS">
          <reporter-output>
          </reporter-output>
        </test-method> <!-- validLogin -->
      </class> <!-- tests.MyAccountTest -->
      <class name="tests.LRegistrationTest">
        <test-method is-config="true" signature="Start()[pri:0, instance:tests.LRegistrationTest@291ae]" started-at="2025-09-04T14:23:01 EEST" name="Start" finished-at="2025-09-04T14:23:04 EEST" duration-ms="2977" status="PASS">
          <reporter-output>
          </reporter-output>
        </test-method> <!-- Start -->
        <test-method signature="registrationSuccessfully()[pri:0, instance:tests.LRegistrationTest@291ae]" started-at="2025-09-04T14:23:04 EEST" name="registrationSuccessfully" finished-at="2025-09-04T14:23:06 EEST" duration-ms="2112" status="PASS">
          <reporter-output>
          </reporter-output>
        </test-method> <!-- registrationSuccessfully -->
        <test-method signature="logout()[pri:0, instance:tests.LRegistrationTest@291ae]" started-at="2025-09-04T14:23:06 EEST" name="logout" finished-at="2025-09-04T14:23:07 EEST" depends-on-methods="tests.LRegistrationTest.registrationSuccessfully" duration-ms="703" status="PASS">
          <reporter-output>
          </reporter-output>
        </test-method> <!-- logout -->
        <test-method is-config="true" signature="teerDown()[pri:0, instance:tests.LRegistrationTest@291ae]" started-at="2025-09-04T14:23:14 EEST" name="teerDown" finished-at="2025-09-04T14:23:14 EEST" duration-ms="190" status="PASS">
          <reporter-output>
          </reporter-output>
        </test-method> <!-- teerDown -->
      </class> <!-- tests.LRegistrationTest -->
    </test> <!-- C:/Users/NV_User/Documents/NopCommerced -->
  </suite> <!-- Nop Commerce -->
</testng-results>
